<!DOCTYPE html PUBLIC "-//W3C//DTD XHTML 1.1//EN" "https://www.w3.org/TR/xhtml11/DTD/xhtml11.dtd">
<html xmlns="https://www.w3.org/1999/xhtml">
<head>
<meta http-equiv="content-type" content="text/html; charset=UTF-8"/>
<title>TestNG Report</title>
<style type="text/css">table {margin-bottom:10px;border-collapse:collapse;empty-cells:show}th,td {border:1px solid #009;padding:.25em .5em}th {vertical-align:bottom}td {vertical-align:top}table a {font-weight:bold}.stripe td {background-color: #E6EBF9}.num {text-align:right}.passedodd td {background-color: #3F3}.passedeven td {background-color: #0A0}.skippedodd td {background-color: #DDD}.skippedeven td {background-color: #CCC}.failedodd td,.attn {background-color: #F33}.failedeven td,.stripe .attn {background-color: #D00}.stacktrace {white-space:pre;font-family:monospace}.totop {font-size:85%;text-align:center;border-bottom:2px solid #000}.invisible {display:none}</style>
</head>
<body>
<table>
<tr><th>Test</th><th># Passed</th><th># Skipped</th><th># Retried</th><th># Failed</th><th>Time (ms)</th><th>Included Groups</th><th>Excluded Groups</th></tr>
<tr><th colspan="8">Suite</th></tr>
<tr><td><a href="#t0">Test</a></td><td class="num">22</td><td class="num">0</td><td class="num">0</td><td class="num attn">6</td><td class="num">13,487</td><td></td><td></td></tr>
</table>
<table id='summary'><thead><tr><th>Class</th><th>Method</th><th>Start</th><th>Time (ms)</th></tr></thead><tbody><tr><th colspan="4">Suite</th></tr></tbody><tbody id="t0"><tr><th colspan="4">Test &#8212; failed</th></tr><tr class="failedeven"><td rowspan="3">tests.get.requestspec.TC002_GetASingleProduct</td><td><a href="#m0">test</a></td><td rowspan="3">1659972646140</td><td rowspan="3">324</td></tr><tr class="failedeven"><td><a href="#m1">test</a></td></tr><tr class="failedeven"><td><a href="#m2">test</a></td></tr><tr class="failedodd"><td rowspan="3">tests.get.restassured.TC002_GetSingleProduct</td><td><a href="#m3">setupTest</a></td><td rowspan="3">1659972642492</td><td rowspan="3">338</td></tr><tr class="failedodd"><td><a href="#m4">setupTest</a></td></tr><tr class="failedodd"><td><a href="#m5">setupTest</a></td></tr><tr><th colspan="4">Test &#8212; passed</th></tr><tr class="passedeven"><td rowspan="1">tests.get.requestspec.TC001_GetAllProducts</td><td><a href="#m6">testingGetAll</a></td><td rowspan="1">1659972637109</td><td rowspan="1">28</td></tr><tr class="passedodd"><td rowspan="10">tests.get.requestspec.TC002_GetASingleProduct</td><td><a href="#m7">test</a></td><td rowspan="10">1659972645136</td><td rowspan="10">317</td></tr><tr class="passedodd"><td><a href="#m8">test</a></td></tr><tr class="passedodd"><td><a href="#m9">test</a></td></tr><tr class="passedodd"><td><a href="#m10">test</a></td></tr><tr class="passedodd"><td><a href="#m11">test</a></td></tr><tr class="passedodd"><td><a href="#m12">test</a></td></tr><tr class="passedodd"><td><a href="#m13">test</a></td></tr><tr class="passedodd"><td><a href="#m14">test</a></td></tr><tr class="passedodd"><td><a href="#m15">test</a></td></tr><tr class="passedodd"><td><a href="#m16">test</a></td></tr><tr class="passedeven"><td rowspan="1">tests.get.restassured.TC001_GetAllProducts</td><td><a href="#m17">testingGetAll</a></td><td rowspan="1">1659972637090</td><td rowspan="1">13</td></tr><tr class="passedodd"><td rowspan="10">tests.get.restassured.TC002_GetSingleProduct</td><td><a href="#m18">setupTest</a></td><td rowspan="10">1659972641142</td><td rowspan="10">341</td></tr><tr class="passedodd"><td><a href="#m19">setupTest</a></td></tr><tr class="passedodd"><td><a href="#m20">setupTest</a></td></tr><tr class="passedodd"><td><a href="#m21">setupTest</a></td></tr><tr class="passedodd"><td><a href="#m22">setupTest</a></td></tr><tr class="passedodd"><td><a href="#m23">setupTest</a></td></tr><tr class="passedodd"><td><a href="#m24">setupTest</a></td></tr><tr class="passedodd"><td><a href="#m25">setupTest</a></td></tr><tr class="passedodd"><td><a href="#m26">setupTest</a></td></tr><tr class="passedodd"><td><a href="#m27">setupTest</a></td></tr></tbody>
</table>
<h2>Test</h2><h3 id="m0">tests.get.requestspec.TC002_GetASingleProduct#test</h3><table class="result"><tr class="param"><th>Parameter #1</th></tr><tr class="param stripe"><td>538</td></tr><tr><th>Exception</th></tr><tr><td><div class="stacktrace">java.lang.AssertionError: expected:&lt;404&gt; but was:&lt;200&gt;
	at tests.get.requestspec.TC002_GetASingleProduct.test(TC002_GetASingleProduct.java:37)
	at java.base/java.util.ArrayList.forEach(ArrayList.java:1511)
... Removed 32 stack frames</div></td></tr></table><p class="totop"><a href="#summary">back to summary</a></p>
<h3 id="m1">tests.get.requestspec.TC002_GetASingleProduct#test</h3><table class="result"><tr class="param"><th>Parameter #1</th></tr><tr class="param stripe"><td>-1</td></tr><tr><th>Exception</th></tr><tr><td><div class="stacktrace">java.lang.AssertionError: expected:&lt;404&gt; but was:&lt;200&gt;
	at tests.get.requestspec.TC002_GetASingleProduct.test(TC002_GetASingleProduct.java:37)
	at java.base/java.util.ArrayList.forEach(ArrayList.java:1511)
... Removed 32 stack frames</div></td></tr></table><p class="totop"><a href="#summary">back to summary</a></p>
<h3 id="m2">tests.get.requestspec.TC002_GetASingleProduct#test</h3><table class="result"><tr class="param"><th>Parameter #1</th></tr><tr class="param stripe"><td>0</td></tr><tr><th>Exception</th></tr><tr><td><div class="stacktrace">java.lang.AssertionError: expected:&lt;404&gt; but was:&lt;200&gt;
	at tests.get.requestspec.TC002_GetASingleProduct.test(TC002_GetASingleProduct.java:37)
	at java.base/java.util.ArrayList.forEach(ArrayList.java:1511)
... Removed 32 stack frames</div></td></tr></table><p class="totop"><a href="#summary">back to summary</a></p>
<h3 id="m3">tests.get.restassured.TC002_GetSingleProduct#setupTest</h3><table class="result"><tr class="param"><th>Parameter #1</th></tr><tr class="param stripe"><td>0</td></tr><tr><th>Exception</th></tr><tr><td><div class="stacktrace">java.lang.AssertionError: 1 expectation failed.
Expected status code &lt;200&gt; but was &lt;404&gt;.

	at org.codehaus.groovy.runtime.callsite.ConstructorSite$ConstructorSiteNoUnwrapNoCoerce.callConstructor(ConstructorSite.java:108)
	at org.codehaus.groovy.runtime.callsite.AbstractCallSite.callConstructor(AbstractCallSite.java:277)
	at io.restassured.internal.ResponseSpecificationImpl$HamcrestAssertionClosure.validate(ResponseSpecificationImpl.groovy:512)
	at io.restassured.internal.ResponseSpecificationImpl$HamcrestAssertionClosure$validate$1.call(Unknown Source)
	at io.restassured.internal.ResponseSpecificationImpl.validateResponseIfRequired(ResponseSpecificationImpl.groovy:696)
	at io.restassured.internal.ResponseSpecificationImpl.this$2$validateResponseIfRequired(ResponseSpecificationImpl.groovy)
	at org.codehaus.groovy.runtime.callsite.PlainObjectMetaMethodSite.doInvoke(PlainObjectMetaMethodSite.java:43)
	at org.codehaus.groovy.runtime.callsite.PogoMetaMethodSite$PogoCachedMethodSiteNoUnwrapNoCoerce.invoke(PogoMetaMethodSite.java:198)
	at org.codehaus.groovy.runtime.callsite.PogoMetaMethodSite.callCurrent(PogoMetaMethodSite.java:62)
	at org.codehaus.groovy.runtime.callsite.AbstractCallSite.callCurrent(AbstractCallSite.java:185)
	at io.restassured.internal.ResponseSpecificationImpl.statusCode(ResponseSpecificationImpl.groovy:135)
	at io.restassured.specification.ResponseSpecification$statusCode$0.callCurrent(Unknown Source)
	at io.restassured.internal.ResponseSpecificationImpl.statusCode(ResponseSpecificationImpl.groovy:143)
	at io.restassured.internal.ValidatableResponseOptionsImpl.statusCode(ValidatableResponseOptionsImpl.java:89)
	at tests.get.restassured.TC002_GetSingleProduct.setupTest(TC002_GetSingleProduct.java:28)
	at java.base/java.util.ArrayList.forEach(ArrayList.java:1511)
... Removed 37 stack frames</div></td></tr></table><p class="totop"><a href="#summary">back to summary</a></p>
<h3 id="m4">tests.get.restassured.TC002_GetSingleProduct#setupTest</h3><table class="result"><tr class="param"><th>Parameter #1</th></tr><tr class="param stripe"><td>-1</td></tr><tr><th>Exception</th></tr><tr><td><div class="stacktrace">java.lang.AssertionError: 1 expectation failed.
Expected status code &lt;200&gt; but was &lt;404&gt;.

	at org.codehaus.groovy.runtime.callsite.ConstructorSite$ConstructorSiteNoUnwrapNoCoerce.callConstructor(ConstructorSite.java:108)
	at org.codehaus.groovy.runtime.callsite.CallSiteArray.defaultCallConstructor(CallSiteArray.java:58)
	at org.codehaus.groovy.runtime.callsite.AbstractCallSite.callConstructor(AbstractCallSite.java:263)
	at org.codehaus.groovy.runtime.callsite.AbstractCallSite.callConstructor(AbstractCallSite.java:277)
	at io.restassured.internal.ResponseSpecificationImpl$HamcrestAssertionClosure.validate(ResponseSpecificationImpl.groovy:512)
	at io.restassured.internal.ResponseSpecificationImpl$HamcrestAssertionClosure$validate$1.call(Unknown Source)
	at io.restassured.internal.ResponseSpecificationImpl.validateResponseIfRequired(ResponseSpecificationImpl.groovy:696)
	at io.restassured.internal.ResponseSpecificationImpl.this$2$validateResponseIfRequired(ResponseSpecificationImpl.groovy)
	at org.codehaus.groovy.runtime.callsite.PlainObjectMetaMethodSite.doInvoke(PlainObjectMetaMethodSite.java:43)
	at org.codehaus.groovy.runtime.callsite.PogoMetaMethodSite$PogoCachedMethodSiteNoUnwrapNoCoerce.invoke(PogoMetaMethodSite.java:198)
	at org.codehaus.groovy.runtime.callsite.PogoMetaMethodSite.callCurrent(PogoMetaMethodSite.java:62)
	at org.codehaus.groovy.runtime.callsite.AbstractCallSite.callCurrent(AbstractCallSite.java:185)
	at io.restassured.internal.ResponseSpecificationImpl.statusCode(ResponseSpecificationImpl.groovy:135)
	at io.restassured.specification.ResponseSpecification$statusCode$0.callCurrent(Unknown Source)
	at io.restassured.internal.ResponseSpecificationImpl.statusCode(ResponseSpecificationImpl.groovy:143)
	at io.restassured.internal.ValidatableResponseOptionsImpl.statusCode(ValidatableResponseOptionsImpl.java:89)
	at tests.get.restassured.TC002_GetSingleProduct.setupTest(TC002_GetSingleProduct.java:28)
	at java.base/java.util.ArrayList.forEach(ArrayList.java:1511)
... Removed 37 stack frames</div></td></tr></table><p class="totop"><a href="#summary">back to summary</a></p>
<h3 id="m5">tests.get.restassured.TC002_GetSingleProduct#setupTest</h3><table class="result"><tr class="param"><th>Parameter #1</th></tr><tr class="param stripe"><td>538</td></tr><tr><th>Exception</th></tr><tr><td><div class="stacktrace">java.lang.AssertionError: 1 expectation failed.
Expected status code &lt;200&gt; but was &lt;404&gt;.

	at org.codehaus.groovy.runtime.callsite.ConstructorSite$ConstructorSiteNoUnwrapNoCoerce.callConstructor(ConstructorSite.java:108)
	at org.codehaus.groovy.runtime.callsite.AbstractCallSite.callConstructor(AbstractCallSite.java:277)
	at io.restassured.internal.ResponseSpecificationImpl$HamcrestAssertionClosure.validate(ResponseSpecificationImpl.groovy:512)
	at io.restassured.internal.ResponseSpecificationImpl$HamcrestAssertionClosure$validate$1.call(Unknown Source)
	at io.restassured.internal.ResponseSpecificationImpl.validateResponseIfRequired(ResponseSpecificationImpl.groovy:696)
	at io.restassured.internal.ResponseSpecificationImpl.this$2$validateResponseIfRequired(ResponseSpecificationImpl.groovy)
	at org.codehaus.groovy.runtime.callsite.PlainObjectMetaMethodSite.doInvoke(PlainObjectMetaMethodSite.java:43)
	at org.codehaus.groovy.runtime.callsite.PogoMetaMethodSite$PogoCachedMethodSiteNoUnwrapNoCoerce.invoke(PogoMetaMethodSite.java:198)
	at org.codehaus.groovy.runtime.callsite.PogoMetaMethodSite.callCurrent(PogoMetaMethodSite.java:62)
	at org.codehaus.groovy.runtime.callsite.AbstractCallSite.callCurrent(AbstractCallSite.java:185)
	at io.restassured.internal.ResponseSpecificationImpl.statusCode(ResponseSpecificationImpl.groovy:135)
	at io.restassured.specification.ResponseSpecification$statusCode$0.callCurrent(Unknown Source)
	at io.restassured.internal.ResponseSpecificationImpl.statusCode(ResponseSpecificationImpl.groovy:143)
	at io.restassured.internal.ValidatableResponseOptionsImpl.statusCode(ValidatableResponseOptionsImpl.java:89)
	at tests.get.restassured.TC002_GetSingleProduct.setupTest(TC002_GetSingleProduct.java:28)
	at java.base/java.util.ArrayList.forEach(ArrayList.java:1511)
... Removed 37 stack frames</div></td></tr></table><p class="totop"><a href="#summary">back to summary</a></p>
<h3 id="m6">tests.get.requestspec.TC001_GetAllProducts#testingGetAll</h3><table class="result"><tr><th class="invisible"/></tr></table><p class="totop"><a href="#summary">back to summary</a></p>
<h3 id="m7">tests.get.requestspec.TC002_GetASingleProduct#test</h3><table class="result"><tr class="param"><th>Parameter #1</th></tr><tr class="param stripe"><td>7</td></tr></table><p class="totop"><a href="#summary">back to summary</a></p>
<h3 id="m8">tests.get.requestspec.TC002_GetASingleProduct#test</h3><table class="result"><tr class="param"><th>Parameter #1</th></tr><tr class="param stripe"><td>1</td></tr></table><p class="totop"><a href="#summary">back to summary</a></p>
<h3 id="m9">tests.get.requestspec.TC002_GetASingleProduct#test</h3><table class="result"><tr class="param"><th>Parameter #1</th></tr><tr class="param stripe"><td>99</td></tr></table><p class="totop"><a href="#summary">back to summary</a></p>
<h3 id="m10">tests.get.requestspec.TC002_GetASingleProduct#test</h3><table class="result"><tr class="param"><th>Parameter #1</th></tr><tr class="param stripe"><td>100</td></tr></table><p class="totop"><a href="#summary">back to summary</a></p>
<h3 id="m11">tests.get.requestspec.TC002_GetASingleProduct#test</h3><table class="result"><tr class="param"><th>Parameter #1</th></tr><tr class="param stripe"><td>16</td></tr></table><p class="totop"><a href="#summary">back to summary</a></p>
<h3 id="m12">tests.get.requestspec.TC002_GetASingleProduct#test</h3><table class="result"><tr class="param"><th>Parameter #1</th></tr><tr class="param stripe"><td>8</td></tr></table><p class="totop"><a href="#summary">back to summary</a></p>
<h3 id="m13">tests.get.requestspec.TC002_GetASingleProduct#test</h3><table class="result"><tr class="param"><th>Parameter #1</th></tr><tr class="param stripe"><td>5</td></tr></table><p class="totop"><a href="#summary">back to summary</a></p>
<h3 id="m14">tests.get.requestspec.TC002_GetASingleProduct#test</h3><table class="result"><tr class="param"><th>Parameter #1</th></tr><tr class="param stripe"><td>9</td></tr></table><p class="totop"><a href="#summary">back to summary</a></p>
<h3 id="m15">tests.get.requestspec.TC002_GetASingleProduct#test</h3><table class="result"><tr class="param"><th>Parameter #1</th></tr><tr class="param stripe"><td>2</td></tr></table><p class="totop"><a href="#summary">back to summary</a></p>
<h3 id="m16">tests.get.requestspec.TC002_GetASingleProduct#test</h3><table class="result"><tr class="param"><th>Parameter #1</th></tr><tr class="param stripe"><td>99</td></tr></table><p class="totop"><a href="#summary">back to summary</a></p>
<h3 id="m17">tests.get.restassured.TC001_GetAllProducts#testingGetAll</h3><table class="result"><tr><th class="invisible"/></tr></table><p class="totop"><a href="#summary">back to summary</a></p>
<h3 id="m18">tests.get.restassured.TC002_GetSingleProduct#setupTest</h3><table class="result"><tr class="param"><th>Parameter #1</th></tr><tr class="param stripe"><td>99</td></tr></table><p class="totop"><a href="#summary">back to summary</a></p>
<h3 id="m19">tests.get.restassured.TC002_GetSingleProduct#setupTest</h3><table class="result"><tr class="param"><th>Parameter #1</th></tr><tr class="param stripe"><td>100</td></tr></table><p class="totop"><a href="#summary">back to summary</a></p>
<h3 id="m20">tests.get.restassured.TC002_GetSingleProduct#setupTest</h3><table class="result"><tr class="param"><th>Parameter #1</th></tr><tr class="param stripe"><td>2</td></tr></table><p class="totop"><a href="#summary">back to summary</a></p>
<h3 id="m21">tests.get.restassured.TC002_GetSingleProduct#setupTest</h3><table class="result"><tr class="param"><th>Parameter #1</th></tr><tr class="param stripe"><td>8</td></tr></table><p class="totop"><a href="#summary">back to summary</a></p>
<h3 id="m22">tests.get.restassured.TC002_GetSingleProduct#setupTest</h3><table class="result"><tr class="param"><th>Parameter #1</th></tr><tr class="param stripe"><td>1</td></tr></table><p class="totop"><a href="#summary">back to summary</a></p>
<h3 id="m23">tests.get.restassured.TC002_GetSingleProduct#setupTest</h3><table class="result"><tr class="param"><th>Parameter #1</th></tr><tr class="param stripe"><td>7</td></tr></table><p class="totop"><a href="#summary">back to summary</a></p>
<h3 id="m24">tests.get.restassured.TC002_GetSingleProduct#setupTest</h3><table class="result"><tr class="param"><th>Parameter #1</th></tr><tr class="param stripe"><td>5</td></tr></table><p class="totop"><a href="#summary">back to summary</a></p>
<h3 id="m25">tests.get.restassured.TC002_GetSingleProduct#setupTest</h3><table class="result"><tr class="param"><th>Parameter #1</th></tr><tr class="param stripe"><td>99</td></tr></table><p class="totop"><a href="#summary">back to summary</a></p>
<h3 id="m26">tests.get.restassured.TC002_GetSingleProduct#setupTest</h3><table class="result"><tr class="param"><th>Parameter #1</th></tr><tr class="param stripe"><td>9</td></tr></table><p class="totop"><a href="#summary">back to summary</a></p>
<h3 id="m27">tests.get.restassured.TC002_GetSingleProduct#setupTest</h3><table class="result"><tr class="param"><th>Parameter #1</th></tr><tr class="param stripe"><td>16</td></tr></table><p class="totop"><a href="#summary">back to summary</a></p>
</body>
</html>
